<?xml version="1.0" encoding="UTF-8"?>
<testsuite xmlns:xsi="http://www.w3.org/2001/XMLSchema-instance" xsi:schemaLocation="https://maven.apache.org/surefire/maven-surefire-plugin/xsd/surefire-test-report.xsd" name="TestSuite" time="24.556" tests="4" errors="0" skipped="0" failures="1">
  <properties>
[...]
</properties>
  <testcase name="searchProduct" classname="com.rahul.testautomation.ebay.tests.UITest" time="10.995"/>
  <testcase name="findPetById" classname="com.rahul.testautomation.ebay.tests.RestAPITest" time="1.434">
    <failure message="The petname is not as expected" type="java.lang.AssertionError">java.lang.AssertionError: The petname is not as expected
	at com.rahul.testautomation.ebay.tests.RestAPITest.findPetById(RestAPITest.java:101)
</failure>
    <system-out><![CDATA[https://petstore.swagger.io/v2
9223372000001084428
rahul_doggie
rahul_updated_doggie
 The test name isfindPetById
{"id":9223372000001084428,"category":{"id":0,"name":"string"},"name":"Max","photoUrls":["string"],"tags":[{"id":0,"name":"string"}],"status":"string"}
The name of the pet  isMax
]]></system-out>
  </testcase>
  <testcase name="updatePetName" classname="com.rahul.testautomation.ebay.tests.RestAPITest" time="0.231"/>
  <testcase name="deletePetById" classname="com.rahul.testautomation.ebay.tests.RestAPITest" time="0.824"/>
</testsuite>