<?xml version="1.0" encoding="UTF-8"?>
<testsuite xmlns:xsi="http://www.w3.org/2001/XMLSchema-instance" xsi:schemaLocation="https://maven.apache.org/surefire/maven-surefire-plugin/xsd/surefire-test-report.xsd" name="com.rahul.testautomation.ebay.tests.RestAPITest" time="5.8" tests="3" errors="0" skipped="0" failures="0">
  <properties>
[...]
</properties>
  <testcase name="findPetById" classname="com.rahul.testautomation.ebay.tests.RestAPITest" time="1.883"/>
  <testcase name="updatePetName" classname="com.rahul.testautomation.ebay.tests.RestAPITest" time="0.773"/>
  <testcase name="deletePetById" classname="com.rahul.testautomation.ebay.tests.RestAPITest" time="0.901"/>
</testsuite>